2019-05-23 16:53:46,015 INFO  org.apache.flink.runtime.taskexecutor.TaskManagerRunner       - --------------------------------------------------------------------------------
2019-05-23 16:53:46,017 INFO  org.apache.flink.runtime.taskexecutor.TaskManagerRunner       -  Starting TaskManager (Version: 1.8.0, Rev:4caec0d, Date:03.04.2019 @ 13:25:54 PDT)
2019-05-23 16:53:46,017 INFO  org.apache.flink.runtime.taskexecutor.TaskManagerRunner       -  OS current user: davaa
2019-05-23 16:53:46,018 INFO  org.apache.flink.runtime.taskexecutor.TaskManagerRunner       -  Current Hadoop/Kerberos user: <no hadoop dependency found>
2019-05-23 16:53:46,018 INFO  org.apache.flink.runtime.taskexecutor.TaskManagerRunner       -  JVM: Java HotSpot(TM) 64-Bit Server VM - Oracle Corporation - 1.8/25.201-b09
2019-05-23 16:53:46,019 INFO  org.apache.flink.runtime.taskexecutor.TaskManagerRunner       -  Maximum heap size: 922 MiBytes
2019-05-23 16:53:46,019 INFO  org.apache.flink.runtime.taskexecutor.TaskManagerRunner       -  JAVA_HOME: (not set)
2019-05-23 16:53:46,019 INFO  org.apache.flink.runtime.taskexecutor.TaskManagerRunner       -  No Hadoop Dependency available
2019-05-23 16:53:46,019 INFO  org.apache.flink.runtime.taskexecutor.TaskManagerRunner       -  JVM Options:
2019-05-23 16:53:46,020 INFO  org.apache.flink.runtime.taskexecutor.TaskManagerRunner       -     -XX:+UseG1GC
2019-05-23 16:53:46,020 INFO  org.apache.flink.runtime.taskexecutor.TaskManagerRunner       -     -Xms922M
2019-05-23 16:53:46,020 INFO  org.apache.flink.runtime.taskexecutor.TaskManagerRunner       -     -Xmx922M
2019-05-23 16:53:46,020 INFO  org.apache.flink.runtime.taskexecutor.TaskManagerRunner       -     -XX:MaxDirectMemorySize=8388607T
2019-05-23 16:53:46,020 INFO  org.apache.flink.runtime.taskexecutor.TaskManagerRunner       -     -Dlog.file=/Users/davaa/flink-1.8.0/log/flink-davaa-taskexecutor-1-Battulgas-MBP.lan.log
2019-05-23 16:53:46,020 INFO  org.apache.flink.runtime.taskexecutor.TaskManagerRunner       -     -Dlog4j.configuration=file:/Users/davaa/flink-1.8.0/conf/log4j.properties
2019-05-23 16:53:46,020 INFO  org.apache.flink.runtime.taskexecutor.TaskManagerRunner       -     -Dlogback.configurationFile=file:/Users/davaa/flink-1.8.0/conf/logback.xml
2019-05-23 16:53:46,021 INFO  org.apache.flink.runtime.taskexecutor.TaskManagerRunner       -  Program Arguments:
2019-05-23 16:53:46,021 INFO  org.apache.flink.runtime.taskexecutor.TaskManagerRunner       -     --configDir
2019-05-23 16:53:46,021 INFO  org.apache.flink.runtime.taskexecutor.TaskManagerRunner       -     /Users/davaa/flink-1.8.0/conf
2019-05-23 16:53:46,021 INFO  org.apache.flink.runtime.taskexecutor.TaskManagerRunner       -  Classpath: /Users/davaa/flink-1.8.0/lib/flink-metrics-prometheus-1.8.0.jar:/Users/davaa/flink-1.8.0/lib/log4j-1.2.17.jar:/Users/davaa/flink-1.8.0/lib/slf4j-log4j12-1.7.15.jar:/Users/davaa/flink-1.8.0/lib/flink-dist_2.11-1.8.0.jar:::
2019-05-23 16:53:46,021 INFO  org.apache.flink.runtime.taskexecutor.TaskManagerRunner       - --------------------------------------------------------------------------------
2019-05-23 16:53:46,023 INFO  org.apache.flink.runtime.taskexecutor.TaskManagerRunner       - Registered UNIX signal handlers for [TERM, HUP, INT]
2019-05-23 16:53:46,030 INFO  org.apache.flink.runtime.taskexecutor.TaskManagerRunner       - Maximum number of open file descriptors is 10240.
2019-05-23 16:53:46,051 INFO  org.apache.flink.configuration.GlobalConfiguration            - Loading configuration property: jobmanager.rpc.address, localhost
2019-05-23 16:53:46,051 INFO  org.apache.flink.configuration.GlobalConfiguration            - Loading configuration property: jobmanager.rpc.port, 6123
2019-05-23 16:53:46,052 INFO  org.apache.flink.configuration.GlobalConfiguration            - Loading configuration property: jobmanager.heap.size, 1024m
2019-05-23 16:53:46,052 INFO  org.apache.flink.configuration.GlobalConfiguration            - Loading configuration property: taskmanager.heap.size, 1024m
2019-05-23 16:53:46,052 INFO  org.apache.flink.configuration.GlobalConfiguration            - Loading configuration property: taskmanager.numberOfTaskSlots, 1
2019-05-23 16:53:46,052 INFO  org.apache.flink.configuration.GlobalConfiguration            - Loading configuration property: parallelism.default, 1
2019-05-23 16:53:46,053 INFO  org.apache.flink.configuration.GlobalConfiguration            - Loading configuration property: rest.port, 8081
2019-05-23 16:53:46,054 INFO  org.apache.flink.configuration.GlobalConfiguration            - Loading configuration property: metrics.reporters, prom
2019-05-23 16:53:46,054 INFO  org.apache.flink.configuration.GlobalConfiguration            - Loading configuration property: metrics.reporter.prom.class, org.apache.flink.metrics.prometheus.PrometheusReporter
2019-05-23 16:53:46,054 INFO  org.apache.flink.configuration.GlobalConfiguration            - Loading configuration property: metrics.reporter.prom.host, localhost
2019-05-23 16:53:46,055 INFO  org.apache.flink.configuration.GlobalConfiguration            - Loading configuration property: metrics.reporter.prom.port, 9250-9260
2019-05-23 16:53:46,062 INFO  org.apache.flink.core.fs.FileSystem                           - Hadoop is not in the classpath/dependencies. The extended set of supported File Systems via Hadoop is not available.
2019-05-23 16:53:46,191 INFO  org.apache.flink.runtime.security.modules.HadoopModuleFactory  - Cannot create Hadoop Security Module because Hadoop cannot be found in the Classpath.
2019-05-23 16:53:46,238 INFO  org.apache.flink.runtime.security.SecurityUtils               - Cannot install HadoopSecurityContext because Hadoop cannot be found in the Classpath.
2019-05-23 16:53:46,633 INFO  org.apache.flink.configuration.Configuration                  - Config uses fallback configuration key 'jobmanager.rpc.address' instead of key 'rest.address'
2019-05-23 16:53:46,638 INFO  org.apache.flink.runtime.util.LeaderRetrievalUtils            - Trying to select the network interface and address to use by connecting to the leading JobManager.
2019-05-23 16:53:46,639 INFO  org.apache.flink.runtime.util.LeaderRetrievalUtils            - TaskManager will try to connect for 10000 milliseconds before falling back to heuristics
2019-05-23 16:53:46,643 INFO  org.apache.flink.runtime.net.ConnectionUtils                  - Retrieved new target address localhost/127.0.0.1:6123.
2019-05-23 16:53:46,656 INFO  org.apache.flink.runtime.taskexecutor.TaskManagerRunner       - TaskManager will use hostname/address 'Battulgas-MBP.lan' (10.93.0.179) for communication.
2019-05-23 16:53:46,660 INFO  org.apache.flink.runtime.rpc.akka.AkkaRpcServiceUtils         - Trying to start actor system at 10.93.0.179:0
2019-05-23 16:53:47,049 INFO  akka.event.slf4j.Slf4jLogger                                  - Slf4jLogger started
2019-05-23 16:53:47,108 INFO  akka.remote.Remoting                                          - Starting remoting
2019-05-23 16:53:47,275 INFO  akka.remote.Remoting                                          - Remoting started; listening on addresses :[akka.tcp://flink@10.93.0.179:65488]
2019-05-23 16:53:47,285 INFO  org.apache.flink.runtime.rpc.akka.AkkaRpcServiceUtils         - Actor system started at akka.tcp://flink@10.93.0.179:65488
2019-05-23 16:53:47,294 INFO  org.apache.flink.runtime.taskexecutor.TaskManagerRunner       - Trying to start actor system at 10.93.0.179:0
2019-05-23 16:53:47,322 INFO  akka.event.slf4j.Slf4jLogger                                  - Slf4jLogger started
2019-05-23 16:53:47,331 INFO  akka.remote.Remoting                                          - Starting remoting
2019-05-23 16:53:47,339 INFO  akka.remote.Remoting                                          - Remoting started; listening on addresses :[akka.tcp://flink-metrics@10.93.0.179:65489]
2019-05-23 16:53:47,341 INFO  org.apache.flink.runtime.taskexecutor.TaskManagerRunner       - Actor system started at akka.tcp://flink-metrics@10.93.0.179:65489
2019-05-23 16:53:47,363 INFO  org.apache.flink.runtime.metrics.MetricRegistryImpl           - Configuring prom with {port=9250-9260, host=localhost, class=org.apache.flink.metrics.prometheus.PrometheusReporter}.
2019-05-23 16:53:47,376 INFO  org.apache.flink.metrics.prometheus.PrometheusReporter        - Started PrometheusReporter HTTP server on port 9252.
2019-05-23 16:53:47,376 INFO  org.apache.flink.runtime.metrics.MetricRegistryImpl           - Reporting metrics for reporter prom of type org.apache.flink.metrics.prometheus.PrometheusReporter.
2019-05-23 16:53:47,383 INFO  org.apache.flink.runtime.blob.PermanentBlobCache              - Created BLOB cache storage directory /var/folders/ry/yws5tww97dgfjvq2mwdxfnkr0000gn/T/blobStore-aa2fc345-62f0-4a6b-959f-a01462986960
2019-05-23 16:53:47,387 INFO  org.apache.flink.runtime.blob.TransientBlobCache              - Created BLOB cache storage directory /var/folders/ry/yws5tww97dgfjvq2mwdxfnkr0000gn/T/blobStore-fc3bb344-d382-44bc-807f-e2d11d747b07
2019-05-23 16:53:47,388 INFO  org.apache.flink.runtime.taskexecutor.TaskManagerRunner       - Starting TaskManager with ResourceID: a5ac1b39b6001528ae7d34eb8c66bf51
2019-05-23 16:53:47,393 INFO  org.apache.flink.runtime.io.network.netty.NettyConfig         - NettyConfig [server address: /10.93.0.179, server port: 0, ssl enabled: false, memory segment size (bytes): 32768, transport type: NIO, number of server threads: 1 (manual), number of client threads: 1 (manual), server connect backlog: 0 (use Netty's default), client connect timeout (sec): 120, send/receive buffer size (bytes): 0 (use Netty's default)]
2019-05-23 16:53:47,437 INFO  org.apache.flink.runtime.taskexecutor.TaskManagerServices     - Temporary file directory '/var/folders/ry/yws5tww97dgfjvq2mwdxfnkr0000gn/T': total 465 GB, usable 258 GB (55.48% usable)
2019-05-23 16:53:47,525 INFO  org.apache.flink.runtime.io.network.buffer.NetworkBufferPool  - Allocated 102 MB for network buffer pool (number of memory segments: 3278, bytes per segment: 32768).
2019-05-23 16:53:47,585 INFO  org.apache.flink.runtime.io.network.NetworkEnvironment        - Starting the network environment and its components.
2019-05-23 16:53:47,620 INFO  org.apache.flink.runtime.io.network.netty.NettyClient         - Successful initialization (took 33 ms).
2019-05-23 16:53:47,663 INFO  org.apache.flink.runtime.io.network.netty.NettyServer         - Successful initialization (took 42 ms). Listening on SocketAddress /10.93.0.179:65490.
2019-05-23 16:53:47,672 INFO  org.apache.flink.runtime.taskexecutor.TaskManagerServices     - Limiting managed memory to 0.7 of the currently free heap space (640 MB), memory will be allocated lazily.
2019-05-23 16:53:47,676 INFO  org.apache.flink.runtime.io.disk.iomanager.IOManager          - I/O manager uses directory /var/folders/ry/yws5tww97dgfjvq2mwdxfnkr0000gn/T/flink-io-50a1419f-a964-4d95-86c5-bba1d730dbae for spill files.
2019-05-23 16:53:47,774 INFO  org.apache.flink.runtime.taskexecutor.TaskManagerConfiguration  - Messages have a max timeout of 10000 ms
2019-05-23 16:53:47,792 INFO  org.apache.flink.runtime.rpc.akka.AkkaRpcService              - Starting RPC endpoint for org.apache.flink.runtime.taskexecutor.TaskExecutor at akka://flink/user/taskmanager_0 .
2019-05-23 16:53:47,813 INFO  org.apache.flink.runtime.taskexecutor.JobLeaderService        - Start job leader service.
2019-05-23 16:53:47,814 INFO  org.apache.flink.runtime.filecache.FileCache                  - User file cache uses directory /var/folders/ry/yws5tww97dgfjvq2mwdxfnkr0000gn/T/flink-dist-cache-66b6272b-7403-497a-8562-4a9f9eb6ab4a
2019-05-23 16:53:47,817 INFO  org.apache.flink.runtime.taskexecutor.TaskExecutor            - Connecting to ResourceManager akka.tcp://flink@localhost:6123/user/resourcemanager(00000000000000000000000000000000).
2019-05-23 16:53:47,981 INFO  org.apache.flink.runtime.taskexecutor.TaskExecutor            - Resolved ResourceManager address, beginning registration
2019-05-23 16:53:47,982 INFO  org.apache.flink.runtime.taskexecutor.TaskExecutor            - Registration at ResourceManager attempt 1 (timeout=100ms)
2019-05-23 16:53:48,020 INFO  org.apache.flink.runtime.taskexecutor.TaskExecutor            - Successful registration at resource manager akka.tcp://flink@localhost:6123/user/resourcemanager under registration id 79e5310483e25925a0fa6774f48a1adc.
2019-05-23 16:53:57,064 INFO  org.apache.flink.runtime.taskexecutor.TaskManagerRunner       - RECEIVED SIGNAL 15: SIGTERM. Shutting down as requested.
2019-05-23 16:53:57,065 INFO  org.apache.flink.runtime.blob.TransientBlobCache              - Shutting down BLOB cache
2019-05-23 16:53:57,065 INFO  org.apache.flink.runtime.state.TaskExecutorLocalStateStoresManager  - Shutting down TaskExecutorLocalStateStoresManager.
2019-05-23 16:53:57,065 INFO  org.apache.flink.runtime.blob.PermanentBlobCache              - Shutting down BLOB cache
2019-05-23 16:53:57,072 INFO  org.apache.flink.runtime.io.disk.iomanager.IOManager          - I/O manager removed spill file directory /var/folders/ry/yws5tww97dgfjvq2mwdxfnkr0000gn/T/flink-io-50a1419f-a964-4d95-86c5-bba1d730dbae
2019-05-23 16:53:57,073 INFO  org.apache.flink.runtime.filecache.FileCache                  - removed file cache directory /var/folders/ry/yws5tww97dgfjvq2mwdxfnkr0000gn/T/flink-dist-cache-66b6272b-7403-497a-8562-4a9f9eb6ab4a
