2019-05-23 16:53:45,074 INFO  org.apache.flink.runtime.entrypoint.ClusterEntrypoint         - --------------------------------------------------------------------------------
2019-05-23 16:53:45,076 INFO  org.apache.flink.runtime.entrypoint.ClusterEntrypoint         -  Starting StandaloneSessionClusterEntrypoint (Version: 1.8.0, Rev:4caec0d, Date:03.04.2019 @ 13:25:54 PDT)
2019-05-23 16:53:45,076 INFO  org.apache.flink.runtime.entrypoint.ClusterEntrypoint         -  OS current user: davaa
2019-05-23 16:53:45,076 INFO  org.apache.flink.runtime.entrypoint.ClusterEntrypoint         -  Current Hadoop/Kerberos user: <no hadoop dependency found>
2019-05-23 16:53:45,076 INFO  org.apache.flink.runtime.entrypoint.ClusterEntrypoint         -  JVM: Java HotSpot(TM) 64-Bit Server VM - Oracle Corporation - 1.8/25.201-b09
2019-05-23 16:53:45,076 INFO  org.apache.flink.runtime.entrypoint.ClusterEntrypoint         -  Maximum heap size: 981 MiBytes
2019-05-23 16:53:45,076 INFO  org.apache.flink.runtime.entrypoint.ClusterEntrypoint         -  JAVA_HOME: (not set)
2019-05-23 16:53:45,077 INFO  org.apache.flink.runtime.entrypoint.ClusterEntrypoint         -  No Hadoop Dependency available
2019-05-23 16:53:45,077 INFO  org.apache.flink.runtime.entrypoint.ClusterEntrypoint         -  JVM Options:
2019-05-23 16:53:45,077 INFO  org.apache.flink.runtime.entrypoint.ClusterEntrypoint         -     -Xms1024m
2019-05-23 16:53:45,077 INFO  org.apache.flink.runtime.entrypoint.ClusterEntrypoint         -     -Xmx1024m
2019-05-23 16:53:45,077 INFO  org.apache.flink.runtime.entrypoint.ClusterEntrypoint         -     -Dlog.file=/Users/davaa/flink-1.8.0/log/flink-davaa-standalonesession-1-Battulgas-MBP.lan.log
2019-05-23 16:53:45,077 INFO  org.apache.flink.runtime.entrypoint.ClusterEntrypoint         -     -Dlog4j.configuration=file:/Users/davaa/flink-1.8.0/conf/log4j.properties
2019-05-23 16:53:45,077 INFO  org.apache.flink.runtime.entrypoint.ClusterEntrypoint         -     -Dlogback.configurationFile=file:/Users/davaa/flink-1.8.0/conf/logback.xml
2019-05-23 16:53:45,077 INFO  org.apache.flink.runtime.entrypoint.ClusterEntrypoint         -  Program Arguments:
2019-05-23 16:53:45,077 INFO  org.apache.flink.runtime.entrypoint.ClusterEntrypoint         -     --configDir
2019-05-23 16:53:45,078 INFO  org.apache.flink.runtime.entrypoint.ClusterEntrypoint         -     /Users/davaa/flink-1.8.0/conf
2019-05-23 16:53:45,078 INFO  org.apache.flink.runtime.entrypoint.ClusterEntrypoint         -     --executionMode
2019-05-23 16:53:45,078 INFO  org.apache.flink.runtime.entrypoint.ClusterEntrypoint         -     cluster
2019-05-23 16:53:45,078 INFO  org.apache.flink.runtime.entrypoint.ClusterEntrypoint         -  Classpath: /Users/davaa/flink-1.8.0/lib/flink-metrics-prometheus-1.8.0.jar:/Users/davaa/flink-1.8.0/lib/log4j-1.2.17.jar:/Users/davaa/flink-1.8.0/lib/slf4j-log4j12-1.7.15.jar:/Users/davaa/flink-1.8.0/lib/flink-dist_2.11-1.8.0.jar:::
2019-05-23 16:53:45,078 INFO  org.apache.flink.runtime.entrypoint.ClusterEntrypoint         - --------------------------------------------------------------------------------
2019-05-23 16:53:45,080 INFO  org.apache.flink.runtime.entrypoint.ClusterEntrypoint         - Registered UNIX signal handlers for [TERM, HUP, INT]
2019-05-23 16:53:45,113 INFO  org.apache.flink.configuration.GlobalConfiguration            - Loading configuration property: jobmanager.rpc.address, localhost
2019-05-23 16:53:45,113 INFO  org.apache.flink.configuration.GlobalConfiguration            - Loading configuration property: jobmanager.rpc.port, 6123
2019-05-23 16:53:45,113 INFO  org.apache.flink.configuration.GlobalConfiguration            - Loading configuration property: jobmanager.heap.size, 1024m
2019-05-23 16:53:45,113 INFO  org.apache.flink.configuration.GlobalConfiguration            - Loading configuration property: taskmanager.heap.size, 1024m
2019-05-23 16:53:45,114 INFO  org.apache.flink.configuration.GlobalConfiguration            - Loading configuration property: taskmanager.numberOfTaskSlots, 1
2019-05-23 16:53:45,114 INFO  org.apache.flink.configuration.GlobalConfiguration            - Loading configuration property: parallelism.default, 1
2019-05-23 16:53:45,115 INFO  org.apache.flink.configuration.GlobalConfiguration            - Loading configuration property: rest.port, 8081
2019-05-23 16:53:45,116 INFO  org.apache.flink.configuration.GlobalConfiguration            - Loading configuration property: metrics.reporters, prom
2019-05-23 16:53:45,116 INFO  org.apache.flink.configuration.GlobalConfiguration            - Loading configuration property: metrics.reporter.prom.class, org.apache.flink.metrics.prometheus.PrometheusReporter
2019-05-23 16:53:45,117 INFO  org.apache.flink.configuration.GlobalConfiguration            - Loading configuration property: metrics.reporter.prom.host, localhost
2019-05-23 16:53:45,117 INFO  org.apache.flink.configuration.GlobalConfiguration            - Loading configuration property: metrics.reporter.prom.port, 9250-9260
2019-05-23 16:53:45,255 INFO  org.apache.flink.runtime.entrypoint.ClusterEntrypoint         - Starting StandaloneSessionClusterEntrypoint.
2019-05-23 16:53:45,255 INFO  org.apache.flink.runtime.entrypoint.ClusterEntrypoint         - Install default filesystem.
2019-05-23 16:53:45,264 INFO  org.apache.flink.core.fs.FileSystem                           - Hadoop is not in the classpath/dependencies. The extended set of supported File Systems via Hadoop is not available.
2019-05-23 16:53:45,291 INFO  org.apache.flink.runtime.entrypoint.ClusterEntrypoint         - Install security context.
2019-05-23 16:53:45,311 INFO  org.apache.flink.runtime.security.modules.HadoopModuleFactory  - Cannot create Hadoop Security Module because Hadoop cannot be found in the Classpath.
2019-05-23 16:53:45,347 INFO  org.apache.flink.runtime.security.SecurityUtils               - Cannot install HadoopSecurityContext because Hadoop cannot be found in the Classpath.
2019-05-23 16:53:45,348 INFO  org.apache.flink.runtime.entrypoint.ClusterEntrypoint         - Initializing cluster services.
2019-05-23 16:53:45,648 INFO  org.apache.flink.runtime.rpc.akka.AkkaRpcServiceUtils         - Trying to start actor system at localhost:6123
2019-05-23 16:53:46,203 INFO  akka.event.slf4j.Slf4jLogger                                  - Slf4jLogger started
2019-05-23 16:53:46,274 INFO  akka.remote.Remoting                                          - Starting remoting
2019-05-23 16:53:46,473 ERROR akka.remote.transport.netty.NettyTransport                    - failed to bind to /0.0.0.0:6123, shutting down Netty transport
2019-05-23 16:53:46,488 INFO  akka.remote.RemoteActorRefProvider$RemotingTerminator         - Shutting down remote daemon.
2019-05-23 16:53:46,489 INFO  akka.remote.RemoteActorRefProvider$RemotingTerminator         - Remote daemon shut down; proceeding with flushing remote transports.
2019-05-23 16:53:46,493 ERROR akka.remote.Remoting                                          - Remoting system has been terminated abrubtly. Attempting to shut down transports
2019-05-23 16:53:46,493 INFO  org.apache.flink.runtime.entrypoint.ClusterEntrypoint         - Shutting StandaloneSessionClusterEntrypoint down with application status FAILED. Diagnostics java.net.BindException: Could not start actor system on any port in port range 6123
	at org.apache.flink.runtime.clusterframework.BootstrapTools.startActorSystem(BootstrapTools.java:172)
	at org.apache.flink.runtime.clusterframework.BootstrapTools.startActorSystem(BootstrapTools.java:112)
	at org.apache.flink.runtime.clusterframework.BootstrapTools.startActorSystem(BootstrapTools.java:87)
	at org.apache.flink.runtime.rpc.akka.AkkaRpcServiceUtils.createRpcService(AkkaRpcServiceUtils.java:84)
	at org.apache.flink.runtime.entrypoint.ClusterEntrypoint.createRpcService(ClusterEntrypoint.java:296)
	at org.apache.flink.runtime.entrypoint.ClusterEntrypoint.initializeServices(ClusterEntrypoint.java:264)
	at org.apache.flink.runtime.entrypoint.ClusterEntrypoint.runCluster(ClusterEntrypoint.java:216)
	at org.apache.flink.runtime.entrypoint.ClusterEntrypoint.lambda$startCluster$0(ClusterEntrypoint.java:172)
	at org.apache.flink.runtime.security.NoOpSecurityContext.runSecured(NoOpSecurityContext.java:30)
	at org.apache.flink.runtime.entrypoint.ClusterEntrypoint.startCluster(ClusterEntrypoint.java:171)
	at org.apache.flink.runtime.entrypoint.ClusterEntrypoint.runClusterEntrypoint(ClusterEntrypoint.java:535)
	at org.apache.flink.runtime.entrypoint.StandaloneSessionClusterEntrypoint.main(StandaloneSessionClusterEntrypoint.java:65)
.
2019-05-23 16:53:46,494 INFO  akka.remote.RemoteActorRefProvider$RemotingTerminator         - Remoting shut down.
2019-05-23 16:53:46,519 ERROR org.apache.flink.runtime.entrypoint.ClusterEntrypoint         - Could not start cluster entrypoint StandaloneSessionClusterEntrypoint.
org.apache.flink.runtime.entrypoint.ClusterEntrypointException: Failed to initialize the cluster entrypoint StandaloneSessionClusterEntrypoint.
	at org.apache.flink.runtime.entrypoint.ClusterEntrypoint.startCluster(ClusterEntrypoint.java:190)
	at org.apache.flink.runtime.entrypoint.ClusterEntrypoint.runClusterEntrypoint(ClusterEntrypoint.java:535)
	at org.apache.flink.runtime.entrypoint.StandaloneSessionClusterEntrypoint.main(StandaloneSessionClusterEntrypoint.java:65)
Caused by: java.net.BindException: Could not start actor system on any port in port range 6123
	at org.apache.flink.runtime.clusterframework.BootstrapTools.startActorSystem(BootstrapTools.java:172)
	at org.apache.flink.runtime.clusterframework.BootstrapTools.startActorSystem(BootstrapTools.java:112)
	at org.apache.flink.runtime.clusterframework.BootstrapTools.startActorSystem(BootstrapTools.java:87)
	at org.apache.flink.runtime.rpc.akka.AkkaRpcServiceUtils.createRpcService(AkkaRpcServiceUtils.java:84)
	at org.apache.flink.runtime.entrypoint.ClusterEntrypoint.createRpcService(ClusterEntrypoint.java:296)
	at org.apache.flink.runtime.entrypoint.ClusterEntrypoint.initializeServices(ClusterEntrypoint.java:264)
	at org.apache.flink.runtime.entrypoint.ClusterEntrypoint.runCluster(ClusterEntrypoint.java:216)
	at org.apache.flink.runtime.entrypoint.ClusterEntrypoint.lambda$startCluster$0(ClusterEntrypoint.java:172)
	at org.apache.flink.runtime.security.NoOpSecurityContext.runSecured(NoOpSecurityContext.java:30)
	at org.apache.flink.runtime.entrypoint.ClusterEntrypoint.startCluster(ClusterEntrypoint.java:171)
	... 2 more
