2019-05-23 19:11:24,496 INFO  org.apache.flink.runtime.entrypoint.ClusterEntrypoint         - --------------------------------------------------------------------------------
2019-05-23 19:11:24,498 INFO  org.apache.flink.runtime.entrypoint.ClusterEntrypoint         -  Starting StandaloneSessionClusterEntrypoint (Version: 1.8.0, Rev:4caec0d, Date:03.04.2019 @ 13:25:54 PDT)
2019-05-23 19:11:24,498 INFO  org.apache.flink.runtime.entrypoint.ClusterEntrypoint         -  OS current user: davaa
2019-05-23 19:11:24,498 INFO  org.apache.flink.runtime.entrypoint.ClusterEntrypoint         -  Current Hadoop/Kerberos user: <no hadoop dependency found>
2019-05-23 19:11:24,498 INFO  org.apache.flink.runtime.entrypoint.ClusterEntrypoint         -  JVM: Java HotSpot(TM) 64-Bit Server VM - Oracle Corporation - 1.8/25.201-b09
2019-05-23 19:11:24,499 INFO  org.apache.flink.runtime.entrypoint.ClusterEntrypoint         -  Maximum heap size: 981 MiBytes
2019-05-23 19:11:24,499 INFO  org.apache.flink.runtime.entrypoint.ClusterEntrypoint         -  JAVA_HOME: (not set)
2019-05-23 19:11:24,499 INFO  org.apache.flink.runtime.entrypoint.ClusterEntrypoint         -  No Hadoop Dependency available
2019-05-23 19:11:24,499 INFO  org.apache.flink.runtime.entrypoint.ClusterEntrypoint         -  JVM Options:
2019-05-23 19:11:24,499 INFO  org.apache.flink.runtime.entrypoint.ClusterEntrypoint         -     -Xms1024m
2019-05-23 19:11:24,499 INFO  org.apache.flink.runtime.entrypoint.ClusterEntrypoint         -     -Xmx1024m
2019-05-23 19:11:24,499 INFO  org.apache.flink.runtime.entrypoint.ClusterEntrypoint         -     -Dlog.file=/Users/davaa/flink-1.8.0/log/flink-davaa-standalonesession-0-Battulgas-MBP.lan.log
2019-05-23 19:11:24,499 INFO  org.apache.flink.runtime.entrypoint.ClusterEntrypoint         -     -Dlog4j.configuration=file:/Users/davaa/flink-1.8.0/conf/log4j.properties
2019-05-23 19:11:24,500 INFO  org.apache.flink.runtime.entrypoint.ClusterEntrypoint         -     -Dlogback.configurationFile=file:/Users/davaa/flink-1.8.0/conf/logback.xml
2019-05-23 19:11:24,500 INFO  org.apache.flink.runtime.entrypoint.ClusterEntrypoint         -  Program Arguments:
2019-05-23 19:11:24,500 INFO  org.apache.flink.runtime.entrypoint.ClusterEntrypoint         -     --configDir
2019-05-23 19:11:24,500 INFO  org.apache.flink.runtime.entrypoint.ClusterEntrypoint         -     /Users/davaa/flink-1.8.0/conf
2019-05-23 19:11:24,500 INFO  org.apache.flink.runtime.entrypoint.ClusterEntrypoint         -     --executionMode
2019-05-23 19:11:24,500 INFO  org.apache.flink.runtime.entrypoint.ClusterEntrypoint         -     cluster
2019-05-23 19:11:24,500 INFO  org.apache.flink.runtime.entrypoint.ClusterEntrypoint         -  Classpath: /Users/davaa/flink-1.8.0/lib/flink-metrics-prometheus-1.8.0.jar:/Users/davaa/flink-1.8.0/lib/log4j-1.2.17.jar:/Users/davaa/flink-1.8.0/lib/slf4j-log4j12-1.7.15.jar:/Users/davaa/flink-1.8.0/lib/flink-dist_2.11-1.8.0.jar:::
2019-05-23 19:11:24,500 INFO  org.apache.flink.runtime.entrypoint.ClusterEntrypoint         - --------------------------------------------------------------------------------
2019-05-23 19:11:24,502 INFO  org.apache.flink.runtime.entrypoint.ClusterEntrypoint         - Registered UNIX signal handlers for [TERM, HUP, INT]
2019-05-23 19:11:24,529 INFO  org.apache.flink.configuration.GlobalConfiguration            - Loading configuration property: jobmanager.rpc.address, localhost
2019-05-23 19:11:24,529 INFO  org.apache.flink.configuration.GlobalConfiguration            - Loading configuration property: jobmanager.rpc.port, 6123
2019-05-23 19:11:24,529 INFO  org.apache.flink.configuration.GlobalConfiguration            - Loading configuration property: jobmanager.heap.size, 1024m
2019-05-23 19:11:24,530 INFO  org.apache.flink.configuration.GlobalConfiguration            - Loading configuration property: taskmanager.heap.size, 1024m
2019-05-23 19:11:24,530 INFO  org.apache.flink.configuration.GlobalConfiguration            - Loading configuration property: taskmanager.numberOfTaskSlots, 1
2019-05-23 19:11:24,530 INFO  org.apache.flink.configuration.GlobalConfiguration            - Loading configuration property: parallelism.default, 1
2019-05-23 19:11:24,531 INFO  org.apache.flink.configuration.GlobalConfiguration            - Loading configuration property: rest.port, 8081
2019-05-23 19:11:24,532 INFO  org.apache.flink.configuration.GlobalConfiguration            - Loading configuration property: metrics.reporters, prom
2019-05-23 19:11:24,532 INFO  org.apache.flink.configuration.GlobalConfiguration            - Loading configuration property: metrics.reporter.prom.class, org.apache.flink.metrics.prometheus.PrometheusReporter
2019-05-23 19:11:24,533 INFO  org.apache.flink.configuration.GlobalConfiguration            - Loading configuration property: metrics.reporter.prom.port, 9250-9260
2019-05-23 19:11:24,687 INFO  org.apache.flink.runtime.entrypoint.ClusterEntrypoint         - Starting StandaloneSessionClusterEntrypoint.
2019-05-23 19:11:24,687 INFO  org.apache.flink.runtime.entrypoint.ClusterEntrypoint         - Install default filesystem.
2019-05-23 19:11:24,693 INFO  org.apache.flink.core.fs.FileSystem                           - Hadoop is not in the classpath/dependencies. The extended set of supported File Systems via Hadoop is not available.
2019-05-23 19:11:24,717 INFO  org.apache.flink.runtime.entrypoint.ClusterEntrypoint         - Install security context.
2019-05-23 19:11:24,733 INFO  org.apache.flink.runtime.security.modules.HadoopModuleFactory  - Cannot create Hadoop Security Module because Hadoop cannot be found in the Classpath.
2019-05-23 19:11:24,775 INFO  org.apache.flink.runtime.security.SecurityUtils               - Cannot install HadoopSecurityContext because Hadoop cannot be found in the Classpath.
2019-05-23 19:11:24,777 INFO  org.apache.flink.runtime.entrypoint.ClusterEntrypoint         - Initializing cluster services.
2019-05-23 19:11:25,100 INFO  org.apache.flink.runtime.rpc.akka.AkkaRpcServiceUtils         - Trying to start actor system at localhost:6123
2019-05-23 19:11:25,685 INFO  akka.event.slf4j.Slf4jLogger                                  - Slf4jLogger started
2019-05-23 19:11:25,760 INFO  akka.remote.Remoting                                          - Starting remoting
2019-05-23 19:11:26,225 INFO  akka.remote.Remoting                                          - Remoting started; listening on addresses :[akka.tcp://flink@localhost:6123]
2019-05-23 19:11:26,241 INFO  org.apache.flink.runtime.rpc.akka.AkkaRpcServiceUtils         - Actor system started at akka.tcp://flink@localhost:6123
2019-05-23 19:11:26,274 INFO  org.apache.flink.configuration.Configuration                  - Config uses fallback configuration key 'jobmanager.rpc.address' instead of key 'rest.address'
2019-05-23 19:11:26,289 INFO  org.apache.flink.runtime.blob.BlobServer                      - Created BLOB server storage directory /var/folders/ry/yws5tww97dgfjvq2mwdxfnkr0000gn/T/blobStore-9fb2ea28-d4f4-4de1-8c71-cd7a74a8fce8
2019-05-23 19:11:26,306 INFO  org.apache.flink.runtime.blob.BlobServer                      - Started BLOB server at 0.0.0.0:51679 - max concurrent requests: 50 - max backlog: 1000
2019-05-23 19:11:26,357 INFO  org.apache.flink.runtime.metrics.MetricRegistryImpl           - Configuring prom with {port=9250-9260, class=org.apache.flink.metrics.prometheus.PrometheusReporter}.
2019-05-23 19:11:26,401 INFO  org.apache.flink.metrics.prometheus.PrometheusReporter        - Started PrometheusReporter HTTP server on port 9250.
2019-05-23 19:11:26,402 INFO  org.apache.flink.runtime.metrics.MetricRegistryImpl           - Reporting metrics for reporter prom of type org.apache.flink.metrics.prometheus.PrometheusReporter.
2019-05-23 19:11:26,406 INFO  org.apache.flink.runtime.entrypoint.ClusterEntrypoint         - Trying to start actor system at localhost:0
2019-05-23 19:11:26,541 INFO  akka.event.slf4j.Slf4jLogger                                  - Slf4jLogger started
2019-05-23 19:11:26,558 INFO  akka.remote.Remoting                                          - Starting remoting
2019-05-23 19:11:26,568 INFO  akka.remote.Remoting                                          - Remoting started; listening on addresses :[akka.tcp://flink-metrics@localhost:51680]
2019-05-23 19:11:26,570 INFO  org.apache.flink.runtime.entrypoint.ClusterEntrypoint         - Actor system started at akka.tcp://flink-metrics@localhost:51680
2019-05-23 19:11:26,579 INFO  org.apache.flink.runtime.dispatcher.FileArchivedExecutionGraphStore  - Initializing FileArchivedExecutionGraphStore: Storage directory /var/folders/ry/yws5tww97dgfjvq2mwdxfnkr0000gn/T/executionGraphStore-57a06d3c-11cf-4f14-a82f-63662c8421b3, expiration time 3600000, maximum cache size 52428800 bytes.
2019-05-23 19:11:26,683 INFO  org.apache.flink.runtime.blob.TransientBlobCache              - Created BLOB cache storage directory /var/folders/ry/yws5tww97dgfjvq2mwdxfnkr0000gn/T/blobStore-af07d225-7d39-4fae-b6d8-7faba1aca9fa
2019-05-23 19:11:26,733 INFO  org.apache.flink.configuration.Configuration                  - Config uses fallback configuration key 'jobmanager.rpc.address' instead of key 'rest.address'
2019-05-23 19:11:26,734 INFO  org.apache.flink.configuration.Configuration                  - Config uses fallback configuration key 'rest.port' instead of key 'rest.bind-port'
2019-05-23 19:11:26,759 WARN  org.apache.flink.runtime.dispatcher.DispatcherRestEndpoint    - Upload directory /var/folders/ry/yws5tww97dgfjvq2mwdxfnkr0000gn/T/flink-web-be7f19d4-bb9e-43f5-b027-77a4cfba1684/flink-web-upload does not exist, or has been deleted externally. Previously uploaded files are no longer available.
2019-05-23 19:11:26,762 INFO  org.apache.flink.runtime.dispatcher.DispatcherRestEndpoint    - Created directory /var/folders/ry/yws5tww97dgfjvq2mwdxfnkr0000gn/T/flink-web-be7f19d4-bb9e-43f5-b027-77a4cfba1684/flink-web-upload for file uploads.
2019-05-23 19:11:26,764 INFO  org.apache.flink.runtime.dispatcher.DispatcherRestEndpoint    - Starting rest endpoint.
2019-05-23 19:11:27,808 INFO  org.apache.flink.runtime.webmonitor.WebMonitorUtils           - Determined location of main cluster component log file: /Users/davaa/flink-1.8.0/log/flink-davaa-standalonesession-0-Battulgas-MBP.lan.log
2019-05-23 19:11:27,809 INFO  org.apache.flink.runtime.webmonitor.WebMonitorUtils           - Determined location of main cluster component stdout file: /Users/davaa/flink-1.8.0/log/flink-davaa-standalonesession-0-Battulgas-MBP.lan.out
2019-05-23 19:11:28,066 INFO  org.apache.flink.runtime.dispatcher.DispatcherRestEndpoint    - Rest endpoint listening at localhost:8081
2019-05-23 19:11:28,067 INFO  org.apache.flink.runtime.dispatcher.DispatcherRestEndpoint    - http://localhost:8081 was granted leadership with leaderSessionID=00000000-0000-0000-0000-000000000000
2019-05-23 19:11:28,067 INFO  org.apache.flink.runtime.dispatcher.DispatcherRestEndpoint    - Web frontend listening at http://localhost:8081.
2019-05-23 19:11:28,437 INFO  org.apache.flink.runtime.rpc.akka.AkkaRpcService              - Starting RPC endpoint for org.apache.flink.runtime.resourcemanager.StandaloneResourceManager at akka://flink/user/resourcemanager .
2019-05-23 19:11:28,484 INFO  org.apache.flink.runtime.rpc.akka.AkkaRpcService              - Starting RPC endpoint for org.apache.flink.runtime.dispatcher.StandaloneDispatcher at akka://flink/user/dispatcher .
2019-05-23 19:11:28,600 INFO  org.apache.flink.runtime.resourcemanager.StandaloneResourceManager  - ResourceManager akka.tcp://flink@localhost:6123/user/resourcemanager was granted leadership with fencing token 00000000000000000000000000000000
2019-05-23 19:11:28,601 INFO  org.apache.flink.runtime.resourcemanager.slotmanager.SlotManager  - Starting the SlotManager.
2019-05-23 19:11:28,636 INFO  org.apache.flink.runtime.dispatcher.StandaloneDispatcher      - Dispatcher akka.tcp://flink@localhost:6123/user/dispatcher was granted leadership with fencing token 00000000-0000-0000-0000-000000000000
2019-05-23 19:11:28,651 INFO  org.apache.flink.runtime.dispatcher.StandaloneDispatcher      - Recovering all persisted jobs.
2019-05-23 19:11:29,821 INFO  org.apache.flink.runtime.resourcemanager.StandaloneResourceManager  - Registering TaskManager with ResourceID eac9e120cba6f690fb7f4b72b0904b78 (akka.tcp://flink@10.93.0.179:51686/user/taskmanager_0) at ResourceManager
2019-05-24 09:59:10,502 WARN  akka.remote.ReliableDeliverySupervisor                        - Association with remote system [akka.tcp://flink@10.93.0.179:51686] has failed, address is now gated for [50] ms. Reason: [Disassociated] 
2019-05-24 09:59:10,735 INFO  org.apache.flink.runtime.entrypoint.ClusterEntrypoint         - RECEIVED SIGNAL 15: SIGTERM. Shutting down as requested.
2019-05-24 09:59:10,736 INFO  org.apache.flink.runtime.blob.TransientBlobCache              - Shutting down BLOB cache
2019-05-24 09:59:10,744 INFO  org.apache.flink.runtime.blob.BlobServer                      - Stopped BLOB server at 0.0.0.0:51679
